<?xml version="1.0" encoding="UTF-8"?>
<!-- Generated by org.testng.reporters.JUnitReportReporter -->
<testsuite hostname="DESKTOP-A2KPPT3" failures="0" tests="1" name="testCases.TC_002_LoginTest" time="3.152" errors="0" timestamp="2023-04-15T23:05:57 IST" skipped="0">
  <testcase classname="testCases.TC_002_LoginTest" name="test_login" time="3.152"/>
  <system-out/>
</testsuite> <!-- testCases.TC_002_LoginTest -->
